<?xml version="1.0" encoding="UTF-8"?>
<!-- Generated by org.testng.reporters.JUnitReportReporter -->
<testsuite hostname="E5530-2340" name="com.test1.tests.AddAnnuityPeriodicPayment" tests="2" failures="0" timestamp="24 May 2016 18:07:52 GMT" time="147.261" errors="0">
  <testcase name="testSuccessfulMonthlyAnnuityPeriodicPayAdd" time="73.627" classname="com.test1.tests.AddAnnuityPeriodicPayment"/>
  <testcase name="testSuccessfulMonthlyAnnuityPeriodicPayAdd" time="73.634" classname="com.test1.tests.AddAnnuityPeriodicPayment"/>
</testsuite> <!-- com.test1.tests.AddAnnuityPeriodicPayment -->
