<?xml version="1.0" encoding="UTF-8"?>
<!-- Generated by org.testng.reporters.JUnitReportReporter -->
<testsuite hostname="E5530-2340" name="com.test1.tests.AttachDocumentToCase" tests="12" failures="0" timestamp="10 Jun 2016 11:52:15 GMT" time="729.603" errors="0">
  <testcase name="testSuccessfulDocAttachment" time="57.308" classname="com.test1.tests.AttachDocumentToCase"/>
  <testcase name="testSuccessfulDocAttachment" time="61.405" classname="com.test1.tests.AttachDocumentToCase"/>
  <testcase name="testSuccessfulDocAttachment" time="57.868" classname="com.test1.tests.AttachDocumentToCase"/>
  <testcase name="testSuccessfulDocAttachment" time="62.941" classname="com.test1.tests.AttachDocumentToCase"/>
  <testcase name="testSuccessfulDocAttachment" time="63.730" classname="com.test1.tests.AttachDocumentToCase"/>
  <testcase name="testSuccessfulDocAttachment" time="57.147" classname="com.test1.tests.AttachDocumentToCase"/>
  <testcase name="testSuccessfulDocAttachment" time="58.563" classname="com.test1.tests.AttachDocumentToCase"/>
  <testcase name="testSuccessfulDocAttachment" time="61.445" classname="com.test1.tests.AttachDocumentToCase"/>
  <testcase name="testSuccessfulDocAttachment" time="63.044" classname="com.test1.tests.AttachDocumentToCase"/>
  <testcase name="testSuccessfulDocAttachment" time="61.563" classname="com.test1.tests.AttachDocumentToCase"/>
  <testcase name="testSuccessfulDocAttachment" time="59.487" classname="com.test1.tests.AttachDocumentToCase"/>
  <testcase name="testSuccessfulDocAttachment" time="65.102" classname="com.test1.tests.AttachDocumentToCase"/>
</testsuite> <!-- com.test1.tests.AttachDocumentToCase -->
