<?xml version="1.0" encoding="UTF-8"?>
<!-- Generated by org.testng.reporters.JUnitReportReporter -->
<testsuite hostname="E5530-2340" name="com.test1.tests.TestPurchaseLumpsumPayRejectionLC" tests="2" failures="0" timestamp="25 May 2016 16:28:10 GMT" time="136.803" errors="0">
  <testcase name="testSuccessfulPurchaseLumpsumPayRejectionLC" time="71.942" classname="com.test1.tests.TestPurchaseLumpsumPayRejectionLC"/>
  <testcase name="testSuccessfulPurchaseLumpsumPayRejectionLC" time="64.861" classname="com.test1.tests.TestPurchaseLumpsumPayRejectionLC"/>
</testsuite> <!-- com.test1.tests.TestPurchaseLumpsumPayRejectionLC -->
